<?xml version="1.0" encoding="UTF-8"?>
<!-- Generated by org.testng.reporters.JUnitReportReporter -->
<testsuite skipped="0" hostname="w3fn" name="de.letsbuildacompiler.compiler.CompilerTest" tests="2" failures="0" timestamp="16 Jul 2017 13:21:00 GMT" time="0.223" errors="0">
  <testcase name="runningCodeOutputsExpectedText" time="0.159" classname="de.letsbuildacompiler.compiler.CompilerTest"/>
  <testcase name="runningCodeOutputsExpectedText" time="0.064" classname="de.letsbuildacompiler.compiler.CompilerTest"/>
</testsuite> <!-- de.letsbuildacompiler.compiler.CompilerTest -->
